<?xml version="1.0" encoding="UTF-8"?>
<!-- Generated by org.testng.reporters.JUnitReportReporter -->
<testsuite skipped="0" hostname="NGBLR-00735" name="Practice.SeleniumGrid" tests="3" failures="0" timestamp="07 Dec 2018 04:28:05 GMT" time="38.383" errors="0">
  <testcase name="browserOpen" time="15.325" classname="Practice.SeleniumGrid"/>
  <testcase name="browserOpen" time="9.738" classname="Practice.SeleniumGrid"/>
  <testcase name="browserOpen" time="13.320" classname="Practice.SeleniumGrid"/>
</testsuite> <!-- Practice.SeleniumGrid -->
