<?xml version="1.0" encoding="UTF-8"?>
<!-- Generated by org.testng.reporters.JUnitReportReporter -->
<testsuite skipped="0" hostname="NGBLR-00735" name="test.IBE_Enrollment" tests="1" failures="0" timestamp="19 Nov 2018 08:22:18 GMT" time="9.702" errors="0">
  <testcase name="IbeEnr" time="9.702" classname="test.IBE_Enrollment"/>
</testsuite> <!-- test.IBE_Enrollment -->
